Library/PramData/AndroidApplicationController/Cache/com.DefaultCompany.ISL/gradle-project/launcher/build/intermediates/manifest_merge_blame_file/debug/manifest-merger-blame-debug-report.txt
1<?xml version="1.0" encoding="utf-8"?>
2<manifest xmlns:android="http://schemas.android.com/apk/res/android"
3    package="com.DefaultCompany.ISL"
4    android:installLocation="preferExternal"
5    android:versionCode="1"
6    android:versionName="0.1" >
7
8    <uses-sdk
9        android:minSdkVersion="25"
9-->src/main/AndroidManifest.xml
10        android:targetSdkVersion="35" />
10-->src/main/AndroidManifest.xml
11
12    <supports-screens
12-->src/main/AndroidManifest.xml:3:3-163
13        android:anyDensity="true"
13-->src/main/AndroidManifest.xml:3:135-160
14        android:largeScreens="true"
14-->src/main/AndroidManifest.xml:3:78-105
15        android:normalScreens="true"
15-->src/main/AndroidManifest.xml:3:49-77
16        android:smallScreens="true"
16-->src/main/AndroidManifest.xml:3:21-48
17        android:xlargeScreens="true" />
17-->src/main/AndroidManifest.xml:3:106-134
18
19    <uses-feature android:glEsVersion="0x00030000" />
19-->[:unityLibrary] AndroidManifest.xml:8:5-54
19-->[:unityLibrary] AndroidManifest.xml:8:19-51
20
21    <uses-permission android:name="android.permission.INTERNET" />
21-->[:unityLibrary] AndroidManifest.xml:10:5-67
21-->[:unityLibrary] AndroidManifest.xml:10:22-64
22
23    <uses-feature
23-->[:unityLibrary] AndroidManifest.xml:12:5-14:36
24        android:name="android.hardware.touchscreen"
24-->[:unityLibrary] AndroidManifest.xml:13:9-52
25        android:required="false" />
25-->[:unityLibrary] AndroidManifest.xml:14:9-33
26    <uses-feature
26-->[:unityLibrary] AndroidManifest.xml:15:5-17:36
27        android:name="android.hardware.touchscreen.multitouch"
27-->[:unityLibrary] AndroidManifest.xml:16:9-63
28        android:required="false" />
28-->[:unityLibrary] AndroidManifest.xml:17:9-33
29    <uses-feature
29-->[:unityLibrary] AndroidManifest.xml:18:5-20:36
30        android:name="android.hardware.touchscreen.multitouch.distinct"
30-->[:unityLibrary] AndroidManifest.xml:19:9-72
31        android:required="false" />
31-->[:unityLibrary] AndroidManifest.xml:20:9-33
32
33    <uses-permission android:name="android.permission.CAMERA" />
33-->[:unityLibrary] AndroidManifest.xml:22:5-65
33-->[:unityLibrary] AndroidManifest.xml:22:22-62
34
35    <uses-feature
35-->[:unityLibrary] AndroidManifest.xml:24:5-26:35
36        android:name="android.hardware.camera.ar"
36-->[:unityLibrary] AndroidManifest.xml:25:9-50
37        android:required="true" />
37-->[:unityLibrary] AndroidManifest.xml:26:9-32
38    <uses-feature
38-->[:unityLibrary] AndroidManifest.xml:27:5-29:35
39        android:name="com.google.ar.core.depth"
39-->[:unityLibrary] AndroidManifest.xml:28:9-48
40        android:required="true" />
40-->[:unityLibrary] AndroidManifest.xml:29:9-32
41
42    <queries>
42-->[:arcore_client:] AndroidManifest.xml:29:5-31:15
43        <package android:name="com.google.ar.core" />
43-->[:arcore_client:] AndroidManifest.xml:30:9-54
43-->[:arcore_client:] AndroidManifest.xml:30:18-51
44    </queries>
45
46    <uses-permission android:name="android.permission.WRITE_EXTERNAL_STORAGE" />
47    <uses-permission android:name="android.permission.READ_PHONE_STATE" />
48    <uses-permission android:name="android.permission.READ_EXTERNAL_STORAGE" />
49
50    <application
50-->src/main/AndroidManifest.xml:4:3-83
51        android:debuggable="true"
52        android:extractNativeLibs="true"
52-->[:unityLibrary] AndroidManifest.xml:31:18-50
53        android:icon="@mipmap/app_icon"
53-->src/main/AndroidManifest.xml:4:49-80
54        android:label="@string/app_name" >
54-->src/main/AndroidManifest.xml:4:16-48
55        <activity
55-->[:unityLibrary] AndroidManifest.xml:32:9-53:20
56            android:name="com.unity3d.player.UnityPlayerActivity"
56-->[:unityLibrary] AndroidManifest.xml:33:13-66
57            android:configChanges="mcc|mnc|locale|touchscreen|keyboard|keyboardHidden|navigation|orientation|screenLayout|uiMode|screenSize|smallestScreenSize|fontScale|layoutDirection|density"
57-->[:unityLibrary] AndroidManifest.xml:34:13-194
58            android:exported="true"
58-->[:unityLibrary] AndroidManifest.xml:35:13-36
59            android:hardwareAccelerated="false"
59-->[:unityLibrary] AndroidManifest.xml:36:13-48
60            android:launchMode="singleTask"
60-->[:unityLibrary] AndroidManifest.xml:37:13-44
61            android:resizeableActivity="false"
61-->[:unityLibrary] AndroidManifest.xml:38:13-47
62            android:screenOrientation="fullUser"
62-->[:unityLibrary] AndroidManifest.xml:39:13-49
63            android:theme="@style/UnityThemeSelector" >
63-->[:unityLibrary] AndroidManifest.xml:40:13-54
64            <intent-filter>
64-->[:unityLibrary] AndroidManifest.xml:41:13-45:29
65                <action android:name="android.intent.action.MAIN" />
65-->[:unityLibrary] AndroidManifest.xml:42:17-69
65-->[:unityLibrary] AndroidManifest.xml:42:25-66
66
67                <category android:name="android.intent.category.LAUNCHER" />
67-->[:unityLibrary] AndroidManifest.xml:44:17-77
67-->[:unityLibrary] AndroidManifest.xml:44:27-74
68            </intent-filter>
69
70            <meta-data
70-->[:unityLibrary] AndroidManifest.xml:47:13-49:40
71                android:name="unityplayer.UnityActivity"
71-->[:unityLibrary] AndroidManifest.xml:48:17-57
72                android:value="true" />
72-->[:unityLibrary] AndroidManifest.xml:49:17-37
73            <meta-data
73-->[:unityLibrary] AndroidManifest.xml:50:13-52:40
74                android:name="android.notch_support"
74-->[:unityLibrary] AndroidManifest.xml:51:17-53
75                android:value="true" />
75-->[:unityLibrary] AndroidManifest.xml:52:17-37
76        </activity>
77
78        <meta-data
78-->[:unityLibrary] AndroidManifest.xml:55:9-57:33
79            android:name="unity.splash-mode"
79-->[:unityLibrary] AndroidManifest.xml:56:13-45
80            android:value="0" />
80-->[:unityLibrary] AndroidManifest.xml:57:13-30
81        <meta-data
81-->[:unityLibrary] AndroidManifest.xml:58:9-60:36
82            android:name="unity.splash-enable"
82-->[:unityLibrary] AndroidManifest.xml:59:13-47
83            android:value="True" />
83-->[:unityLibrary] AndroidManifest.xml:60:13-33
84        <meta-data
84-->[:unityLibrary] AndroidManifest.xml:61:9-63:36
85            android:name="unity.launch-fullscreen"
85-->[:unityLibrary] AndroidManifest.xml:62:13-51
86            android:value="True" />
86-->[:unityLibrary] AndroidManifest.xml:63:13-33
87        <meta-data
87-->[:unityLibrary] AndroidManifest.xml:64:9-66:50
88            android:name="notch.config"
88-->[:unityLibrary] AndroidManifest.xml:65:13-40
89            android:value="portrait|landscape" />
89-->[:unityLibrary] AndroidManifest.xml:66:13-47
90        <meta-data
90-->[:unityLibrary] AndroidManifest.xml:67:9-69:36
91            android:name="unity.auto-report-fully-drawn"
91-->[:unityLibrary] AndroidManifest.xml:68:13-57
92            android:value="true" />
92-->[:unityLibrary] AndroidManifest.xml:69:13-33
93        <meta-data
93-->[:unityLibrary] AndroidManifest.xml:70:9-72:36
94            android:name="unityplayer.SkipPermissionsDialog"
94-->[:unityLibrary] AndroidManifest.xml:71:13-61
95            android:value="true" />
95-->[:unityLibrary] AndroidManifest.xml:72:13-33
96        <meta-data
96-->[:unityLibrary] AndroidManifest.xml:73:9-75:40
97            android:name="com.google.ar.core"
97-->[:unityLibrary] AndroidManifest.xml:74:13-46
98            android:value="required" /> <!-- The minimal version code of ARCore APK required for an app using this SDK. -->
98-->[:unityLibrary] AndroidManifest.xml:75:13-37
99        <meta-data
99-->[:arcore_client:] AndroidManifest.xml:36:9-38:41
100            android:name="com.google.ar.core.min_apk_version"
100-->[:arcore_client:] AndroidManifest.xml:37:13-62
101            android:value="210910000" /> <!-- This activity is critical for installing ARCore when it is not already present. -->
101-->[:arcore_client:] AndroidManifest.xml:38:13-38
102        <activity
102-->[:arcore_client:] AndroidManifest.xml:40:9-46:80
103            android:name="com.google.ar.core.InstallActivity"
103-->[:arcore_client:] AndroidManifest.xml:41:13-62
104            android:configChanges="keyboardHidden|orientation|screenSize"
104-->[:arcore_client:] AndroidManifest.xml:42:13-74
105            android:excludeFromRecents="true"
105-->[:arcore_client:] AndroidManifest.xml:43:13-46
106            android:exported="false"
106-->[:arcore_client:] AndroidManifest.xml:44:13-37
107            android:launchMode="singleTop"
107-->[:arcore_client:] AndroidManifest.xml:45:13-43
108            android:theme="@android:style/Theme.Material.Light.Dialog.Alert" />
108-->[:arcore_client:] AndroidManifest.xml:46:13-77
109    </application>
110
111</manifest>